<?xml version="1.0" encoding="UTF-8"?>
<!-- Generated by org.testng.reporters.JUnitXMLReporter -->
<testsuite ignored="0" hostname="Dikshas-MacBook-Air.local" failures="4" tests="5" name="Surefire test" time="13.125" errors="0" timestamp="2025-07-15T21:07:10 IST">
  <testcase classname="io.cucumber.testng.AbstractTestNGCucumberTests" name="runScenario" time="9.623">
    <failure type="java.lang.AssertionError" message="expected [No data] but found [Brocolli]">
      <![CDATA[java.lang.AssertionError: expected [No data] but found [Brocolli]
at stepDefinitions.OfferPageStepDefinition.validate_product_name_in_offers_page_matches_with_landing_page(OfferPageStepDefinition.java:37)
at ✽.validate product name in offers page matches with Landing Page(file:///Users/dikshasinha/cucumber-framework/src/test/java/features/searchProduct.feature:8)
... Removed 6 stack frames]]>
    </failure>
  </testcase> <!-- runScenario -->
  <testcase classname="io.cucumber.testng.AbstractTestNGCucumberTests" name="runScenario" time="10.07"/>
  <testcase classname="io.cucumber.testng.AbstractTestNGCucumberTests" name="runScenario" time="11.188">
    <failure type="java.lang.AssertionError" message="expected [Tomato] but found [Beetroot]">
      <![CDATA[java.lang.AssertionError: expected [Tomato] but found [Beetroot]
at stepDefinitions.OfferPageStepDefinition.validate_product_name_in_offers_page_matches_with_landing_page(OfferPageStepDefinition.java:37)
at ✽.validate product name in offers page matches with Landing Page(file:///Users/dikshasinha/cucumber-framework/src/test/java/features/searchProduct.feature:8)
... Removed 6 stack frames]]>
    </failure>
  </testcase> <!-- runScenario -->
  <testcase classname="io.cucumber.testng.AbstractTestNGCucumberTests" name="runScenario" time="11.859">
    <failure type="java.lang.AssertionError" message="No product name matches: tom expected [true] but found [false]">
      <![CDATA[java.lang.AssertionError: No product name matches: tom expected [true] but found [false]
at stepDefinitions.CheckoutStepDefinition.user_proceeds_to_checkout_and_validate_the_items_in_the_checkout_page(CheckoutStepDefinition.java:23)
at ✽.user proceeds to checkout and validate the "tom" items in the checkout page(file:///Users/dikshasinha/cucumber-framework/src/test/java/features/placeOrder.feature:8)
... Removed 3 stack frames]]>
    </failure>
  </testcase> <!-- runScenario -->
  <testcase classname="io.cucumber.testng.AbstractTestNGCucumberTests" name="runScenario" time="12.733">
    <failure type="java.lang.AssertionError" message="No product name matches: beet expected [true] but found [false]">
      <![CDATA[java.lang.AssertionError: No product name matches: beet expected [true] but found [false]
at stepDefinitions.CheckoutStepDefinition.user_proceeds_to_checkout_and_validate_the_items_in_the_checkout_page(CheckoutStepDefinition.java:23)
at ✽.user proceeds to checkout and validate the "beet" items in the checkout page(file:///Users/dikshasinha/cucumber-framework/src/test/java/features/placeOrder.feature:8)
... Removed 3 stack frames]]>
    </failure>
  </testcase> <!-- runScenario -->
</testsuite> <!-- Surefire test -->
