<html>
<head>
<title>TestNG:  Surefire test</title>
<link href="../testng.css" rel="stylesheet" type="text/css" />
<link href="../my-testng.css" rel="stylesheet" type="text/css" />

<style type="text/css">
.log { display: none;} 
.stack-trace { display: none;} 
</style>
<script type="text/javascript">
<!--
function flip(e) {
  current = e.style.display;
  if (current == 'block') {
    e.style.display = 'none';
    return 0;
  }
  else {
    e.style.display = 'block';
    return 1;
  }
}

function toggleBox(szDivId, elem, msg1, msg2)
{
  var res = -1;  if (document.getElementById) {
    res = flip(document.getElementById(szDivId));
  }
  else if (document.all) {
    // this is the way old msie versions work
    res = flip(document.all[szDivId]);
  }
  if(elem) {
    if(res == 0) elem.innerHTML = msg1; else elem.innerHTML = msg2;
  }

}

function toggleAllBoxes() {
  if (document.getElementsByTagName) {
    d = document.getElementsByTagName('div');
    for (i = 0; i < d.length; i++) {
      if (d[i].className == 'log') {
        flip(d[i]);
      }
    }
  }
}

// -->
</script>

</head>
<body>
<h2 align='center'>Surefire test</h2><table border='1' align="center">
<tr>
<td>Tests passed/Failed/Skipped:</td><td>1/4/0</td>
</tr><tr>
<td>Started on:</td><td>Tue Jul 15 21:06:56 IST 2025</td>
</tr>
<tr><td>Total time:</td><td>13 seconds (13125 ms)</td>
</tr><tr>
<td>Included groups:</td><td></td>
</tr><tr>
<td>Excluded groups:</td><td></td>
</tr>
</table><p/>
<small><i>(Hover the method name to see the test class name)</i></small><p/>
<table width='100%' border='1' class='invocation-failed'>
<tr><td colspan='4' align='center'><b>FAILED TESTS</b></td></tr>
<tr><td><b>Test method</b></td>
<td><b>Attribute(s)</b></td>
<td width="30%"><b>Exception</b></td>
<td width="10%"><b>Time (seconds)</b></td>
<td><b>Instance</b></td>
</tr>
<tr>
<td title='cucumberOptions.TestNGTestRunner.runScenario()'><b>runScenario</b><br>Test class: cucumberOptions.TestNGTestRunner<br>Test method: Runs Cucumber Scenarios<br>Parameters: "Search Experience for products search in home and offers page", "place order for products"</td>
<td><div><pre>java.lang.AssertionError: No product name matches: tom expected [true] but found [false]
	at stepDefinitions.CheckoutStepDefinition.user_proceeds_to_checkout_and_validate_the_items_in_the_checkout_page(CheckoutStepDefinition.java:23)
	at ✽.user proceeds to checkout and validate the &quot;tom&quot; items in the checkout page(file:///Users/dikshasinha/cucumber-framework/src/test/java/features/placeOrder.feature:8)
... Removed 3 stack frames</pre></div><a href='#' onClick='toggleBox("stack-trace1172032335", this, "Click to show all stack frames", "Click to hide stack frames")'>Click to show all stack frames</a>
<div class='stack-trace' id='stack-trace1172032335'><pre>java.lang.AssertionError: No product name matches: tom expected [true] but found [false]
	at org.testng.Assert.fail(Assert.java:111)
	at org.testng.Assert.failNotEquals(Assert.java:1590)
	at org.testng.Assert.assertTrue(Assert.java:57)
	at stepDefinitions.CheckoutStepDefinition.user_proceeds_to_checkout_and_validate_the_items_in_the_checkout_page(CheckoutStepDefinition.java:23)
	at ✽.user proceeds to checkout and validate the &quot;tom&quot; items in the checkout page(file:///Users/dikshasinha/cucumber-framework/src/test/java/features/placeOrder.feature:8)
</pre></div></td>
<td>11</td>
<td>cucumberOptions.TestNGTestRunner@1198b989</td></tr>
<tr>
<td title='cucumberOptions.TestNGTestRunner.runScenario()'><b>runScenario</b><br>Test class: cucumberOptions.TestNGTestRunner<br>Test method: Runs Cucumber Scenarios<br>Parameters: "Search Experience for products search in home and offers page", "place order for products"</td>
<td><div><pre>java.lang.AssertionError: No product name matches: beet expected [true] but found [false]
	at stepDefinitions.CheckoutStepDefinition.user_proceeds_to_checkout_and_validate_the_items_in_the_checkout_page(CheckoutStepDefinition.java:23)
	at ✽.user proceeds to checkout and validate the &quot;beet&quot; items in the checkout page(file:///Users/dikshasinha/cucumber-framework/src/test/java/features/placeOrder.feature:8)
... Removed 3 stack frames</pre></div><a href='#' onClick='toggleBox("stack-trace1408132218", this, "Click to show all stack frames", "Click to hide stack frames")'>Click to show all stack frames</a>
<div class='stack-trace' id='stack-trace1408132218'><pre>java.lang.AssertionError: No product name matches: beet expected [true] but found [false]
	at org.testng.Assert.fail(Assert.java:111)
	at org.testng.Assert.failNotEquals(Assert.java:1590)
	at org.testng.Assert.assertTrue(Assert.java:57)
	at stepDefinitions.CheckoutStepDefinition.user_proceeds_to_checkout_and_validate_the_items_in_the_checkout_page(CheckoutStepDefinition.java:23)
	at ✽.user proceeds to checkout and validate the &quot;beet&quot; items in the checkout page(file:///Users/dikshasinha/cucumber-framework/src/test/java/features/placeOrder.feature:8)
</pre></div></td>
<td>12</td>
<td>cucumberOptions.TestNGTestRunner@1198b989</td></tr>
<tr>
<td title='cucumberOptions.TestNGTestRunner.runScenario()'><b>runScenario</b><br>Test class: cucumberOptions.TestNGTestRunner<br>Test method: Runs Cucumber Scenarios<br>Parameters: "Search Experience for products search in home and offers page", "Search and place order for products"</td>
<td><div><pre>java.lang.AssertionError: expected [No data] but found [Brocolli]
	at stepDefinitions.OfferPageStepDefinition.validate_product_name_in_offers_page_matches_with_landing_page(OfferPageStepDefinition.java:37)
	at ✽.validate product name in offers page matches with Landing Page(file:///Users/dikshasinha/cucumber-framework/src/test/java/features/searchProduct.feature:8)
... Removed 6 stack frames</pre></div><a href='#' onClick='toggleBox("stack-trace1325315131", this, "Click to show all stack frames", "Click to hide stack frames")'>Click to show all stack frames</a>
<div class='stack-trace' id='stack-trace1325315131'><pre>java.lang.AssertionError: expected [No data] but found [Brocolli]
	at org.testng.Assert.fail(Assert.java:111)
	at org.testng.Assert.failNotEquals(Assert.java:1590)
	at org.testng.Assert.assertEqualsImpl(Assert.java:150)
	at org.testng.Assert.assertEquals(Assert.java:132)
	at org.testng.Assert.assertEquals(Assert.java:656)
	at org.testng.Assert.assertEquals(Assert.java:666)
	at stepDefinitions.OfferPageStepDefinition.validate_product_name_in_offers_page_matches_with_landing_page(OfferPageStepDefinition.java:37)
	at ✽.validate product name in offers page matches with Landing Page(file:///Users/dikshasinha/cucumber-framework/src/test/java/features/searchProduct.feature:8)
</pre></div></td>
<td>9</td>
<td>cucumberOptions.TestNGTestRunner@1198b989</td></tr>
<tr>
<td title='cucumberOptions.TestNGTestRunner.runScenario()'><b>runScenario</b><br>Test class: cucumberOptions.TestNGTestRunner<br>Test method: Runs Cucumber Scenarios<br>Parameters: "Search Experience for products search in home and offers page", "Search and place order for products"</td>
<td><div><pre>java.lang.AssertionError: expected [Tomato] but found [Beetroot]
	at stepDefinitions.OfferPageStepDefinition.validate_product_name_in_offers_page_matches_with_landing_page(OfferPageStepDefinition.java:37)
	at ✽.validate product name in offers page matches with Landing Page(file:///Users/dikshasinha/cucumber-framework/src/test/java/features/searchProduct.feature:8)
... Removed 6 stack frames</pre></div><a href='#' onClick='toggleBox("stack-trace1389432783", this, "Click to show all stack frames", "Click to hide stack frames")'>Click to show all stack frames</a>
<div class='stack-trace' id='stack-trace1389432783'><pre>java.lang.AssertionError: expected [Tomato] but found [Beetroot]
	at org.testng.Assert.fail(Assert.java:111)
	at org.testng.Assert.failNotEquals(Assert.java:1590)
	at org.testng.Assert.assertEqualsImpl(Assert.java:150)
	at org.testng.Assert.assertEquals(Assert.java:132)
	at org.testng.Assert.assertEquals(Assert.java:656)
	at org.testng.Assert.assertEquals(Assert.java:666)
	at stepDefinitions.OfferPageStepDefinition.validate_product_name_in_offers_page_matches_with_landing_page(OfferPageStepDefinition.java:37)
	at ✽.validate product name in offers page matches with Landing Page(file:///Users/dikshasinha/cucumber-framework/src/test/java/features/searchProduct.feature:8)
</pre></div></td>
<td>11</td>
<td>cucumberOptions.TestNGTestRunner@1198b989</td></tr>
</table><p>
<table width='100%' border='1' class='invocation-passed'>
<tr><td colspan='4' align='center'><b>PASSED TESTS</b></td></tr>
<tr><td><b>Test method</b></td>
<td><b>Attribute(s)</b></td>
<td width="30%"><b>Exception</b></td>
<td width="10%"><b>Time (seconds)</b></td>
<td><b>Instance</b></td>
</tr>
<tr>
<td title='cucumberOptions.TestNGTestRunner.runScenario()'><b>runScenario</b><br>Test class: cucumberOptions.TestNGTestRunner<br>Test method: Runs Cucumber Scenarios<br>Parameters: "Search Experience for products search in home and offers page", "place order for products"</td>
<td></td>
<td>10</td>
<td>cucumberOptions.TestNGTestRunner@1198b989</td></tr>
</table><p>
</body>
</html>