<?xml version="1.0" encoding="UTF-8"?>
<!-- Generated by org.testng.reporters.JUnitReportReporter -->
<testsuite hostname="Dikshas-MacBook-Air.local" failures="4" tests="5" name="cucumberOptions.TestNGTestRunner" time="55.473" errors="0" timestamp="2025-07-15T21:07:10 IST" skipped="0">
  <testcase classname="cucumberOptions.TestNGTestRunner" name="runScenario" time="11.859">
    <failure message="No product name matches: tom expected [true] but found [false]" type="java.lang.AssertionError">
      <![CDATA[java.lang.AssertionError: No product name matches: tom expected [true] but found [false]
at org.testng.Assert.fail(Assert.java:111)
at org.testng.Assert.failNotEquals(Assert.java:1590)
at org.testng.Assert.assertTrue(Assert.java:57)
at stepDefinitions.CheckoutStepDefinition.user_proceeds_to_checkout_and_validate_the_items_in_the_checkout_page(CheckoutStepDefinition.java:23)
at ✽.user proceeds to checkout and validate the "tom" items in the checkout page(file:///Users/dikshasinha/cucumber-framework/src/test/java/features/placeOrder.feature:8)
]]>
    </failure>
  </testcase> <!-- runScenario -->
  <testcase classname="cucumberOptions.TestNGTestRunner" name="runScenario" time="12.733">
    <failure message="No product name matches: beet expected [true] but found [false]" type="java.lang.AssertionError">
      <![CDATA[java.lang.AssertionError: No product name matches: beet expected [true] but found [false]
at org.testng.Assert.fail(Assert.java:111)
at org.testng.Assert.failNotEquals(Assert.java:1590)
at org.testng.Assert.assertTrue(Assert.java:57)
at stepDefinitions.CheckoutStepDefinition.user_proceeds_to_checkout_and_validate_the_items_in_the_checkout_page(CheckoutStepDefinition.java:23)
at ✽.user proceeds to checkout and validate the "beet" items in the checkout page(file:///Users/dikshasinha/cucumber-framework/src/test/java/features/placeOrder.feature:8)
]]>
    </failure>
  </testcase> <!-- runScenario -->
  <testcase classname="cucumberOptions.TestNGTestRunner" name="runScenario" time="9.623">
    <failure message="expected [No data] but found [Brocolli]" type="java.lang.AssertionError">
      <![CDATA[java.lang.AssertionError: expected [No data] but found [Brocolli]
at org.testng.Assert.fail(Assert.java:111)
at org.testng.Assert.failNotEquals(Assert.java:1590)
at org.testng.Assert.assertEqualsImpl(Assert.java:150)
at org.testng.Assert.assertEquals(Assert.java:132)
at org.testng.Assert.assertEquals(Assert.java:656)
at org.testng.Assert.assertEquals(Assert.java:666)
at stepDefinitions.OfferPageStepDefinition.validate_product_name_in_offers_page_matches_with_landing_page(OfferPageStepDefinition.java:37)
at ✽.validate product name in offers page matches with Landing Page(file:///Users/dikshasinha/cucumber-framework/src/test/java/features/searchProduct.feature:8)
]]>
    </failure>
  </testcase> <!-- runScenario -->
  <testcase classname="cucumberOptions.TestNGTestRunner" name="runScenario" time="10.070"/>
  <testcase classname="cucumberOptions.TestNGTestRunner" name="runScenario" time="11.188">
    <failure message="expected [Tomato] but found [Beetroot]" type="java.lang.AssertionError">
      <![CDATA[java.lang.AssertionError: expected [Tomato] but found [Beetroot]
at org.testng.Assert.fail(Assert.java:111)
at org.testng.Assert.failNotEquals(Assert.java:1590)
at org.testng.Assert.assertEqualsImpl(Assert.java:150)
at org.testng.Assert.assertEquals(Assert.java:132)
at org.testng.Assert.assertEquals(Assert.java:656)
at org.testng.Assert.assertEquals(Assert.java:666)
at stepDefinitions.OfferPageStepDefinition.validate_product_name_in_offers_page_matches_with_landing_page(OfferPageStepDefinition.java:37)
at ✽.validate product name in offers page matches with Landing Page(file:///Users/dikshasinha/cucumber-framework/src/test/java/features/searchProduct.feature:8)
]]>
    </failure>
  </testcase> <!-- runScenario -->
</testsuite> <!-- cucumberOptions.TestNGTestRunner -->
